<?xml version="1.0" encoding="UTF-8"?>
<testng-results ignored="0" total="1" passed="1" failed="0" skipped="0">
  <reporter-output>
  </reporter-output>
  <suite started-at="2024-07-03T07:32:08 GMT-09:00" name="Suite" finished-at="2024-07-03T07:32:16 GMT-09:00" duration-ms="8167">
    <groups>
    </groups>
    <test started-at="2024-07-03T07:32:08 GMT-09:00" name="Test" finished-at="2024-07-03T07:32:16 GMT-09:00" duration-ms="8167">
      <class name="demo.HtmldropdownSorted">
        <test-method signature="htmlSort()[pri:0, instance:demo.HtmldropdownSorted@4b85880b]" started-at="2024-07-03T07:32:08 GMT-09:00" name="htmlSort" finished-at="2024-07-03T07:32:16 GMT-09:00" duration-ms="7974" status="PASS">
          <reporter-output>
          </reporter-output>
        </test-method> <!-- htmlSort -->
      </class> <!-- demo.HtmldropdownSorted -->
    </test> <!-- Test -->
  </suite> <!-- Suite -->
</testng-results>
